<?xml version="1.0" encoding="UTF-8"?>
<testsuite xmlns:xsi="http://www.w3.org/2001/XMLSchema-instance" xsi:noNamespaceSchemaLocation="https://maven.apache.org/surefire/maven-surefire-plugin/xsd/surefire-test-report-3.0.xsd" version="3.0" name="definitions.RozetkaAllTests" time="18.631" tests="58" errors="0" skipped="50" failures="0">
  <properties>
    <property name="sun.desktop" value="gnome"/>
    <property name="awt.toolkit" value="sun.awt.X11.XToolkit"/>
    <property name="java.specification.version" value="11"/>
    <property name="sun.cpu.isalist" value=""/>
    <property name="sun.jnu.encoding" value="UTF-8"/>
    <property name="java.class.path" value="/home/alex/IdeaProjects/Resume/target/test-classes:/home/alex/IdeaProjects/Resume/target/classes:/home/alex/.m2/repository/io/qameta/allure/allure-junit4/2.12.1/allure-junit4-2.12.1.jar:/home/alex/.m2/repository/io/qameta/allure/allure-java-commons/2.12.1/allure-java-commons-2.12.1.jar:/home/alex/.m2/repository/io/qameta/allure/allure-model/2.12.1/allure-model-2.12.1.jar:/home/alex/.m2/repository/com/fasterxml/jackson/core/jackson-databind/2.9.8/jackson-databind-2.9.8.jar:/home/alex/.m2/repository/com/fasterxml/jackson/core/jackson-annotations/2.9.0/jackson-annotations-2.9.0.jar:/home/alex/.m2/repository/com/fasterxml/jackson/core/jackson-core/2.9.8/jackson-core-2.9.8.jar:/home/alex/.m2/repository/org/apache/tika/tika-core/1.20/tika-core-1.20.jar:/home/alex/.m2/repository/org/jooq/joor-java-8/0.9.10/joor-java-8-0.9.10.jar:/home/alex/.m2/repository/junit/junit/4.12/junit-4.12.jar:/home/alex/.m2/repository/org/slf4j/slf4j-simple/1.7.25/slf4j-simple-1.7.25.jar:/home/alex/.m2/repository/org/slf4j/slf4j-api/1.7.25/slf4j-api-1.7.25.jar:/home/alex/.m2/repository/net/serenity-bdd/serenity-core/2.0.48/serenity-core-2.0.48.jar:/home/alex/.m2/repository/net/bytebuddy/byte-buddy/1.9.12/byte-buddy-1.9.12.jar:/home/alex/.m2/repository/net/bytebuddy/byte-buddy-agent/1.9.12/byte-buddy-agent-1.9.12.jar:/home/alex/.m2/repository/com/google/guava/guava/25.0-jre/guava-25.0-jre.jar:/home/alex/.m2/repository/com/google/code/findbugs/jsr305/1.3.9/jsr305-1.3.9.jar:/home/alex/.m2/repository/org/checkerframework/checker-compat-qual/2.0.0/checker-compat-qual-2.0.0.jar:/home/alex/.m2/repository/com/google/errorprone/error_prone_annotations/2.1.3/error_prone_annotations-2.1.3.jar:/home/alex/.m2/repository/com/google/j2objc/j2objc-annotations/1.1/j2objc-annotations-1.1.jar:/home/alex/.m2/repository/org/codehaus/mojo/animal-sniffer-annotations/1.14/animal-sniffer-annotations-1.14.jar:/home/alex/.m2/repository/com/google/inject/guice/4.2.2/guice-4.2.2.jar:/home/alex/.m2/repository/javax/inject/javax.inject/1/javax.inject-1.jar:/home/alex/.m2/repository/aopalliance/aopalliance/1.0/aopalliance-1.0.jar:/home/alex/.m2/repository/cglib/cglib/3.2.5/cglib-3.2.5.jar:/home/alex/.m2/repository/org/ow2/asm/asm/5.0.3/asm-5.0.3.jar:/home/alex/.m2/repository/commons-codec/commons-codec/1.10/commons-codec-1.10.jar:/home/alex/.m2/repository/org/objenesis/objenesis/2.6/objenesis-2.6.jar:/home/alex/.m2/repository/xml-apis/xml-apis/1.4.01/xml-apis-1.4.01.jar:/home/alex/.m2/repository/io/cucumber/cucumber-core/2.4.0/cucumber-core-2.4.0.jar:/home/alex/.m2/repository/info/cukes/cucumber-html/0.2.6/cucumber-html-0.2.6.jar:/home/alex/.m2/repository/io/cucumber/cucumber-jvm-deps/1.0.6/cucumber-jvm-deps-1.0.6.jar:/home/alex/.m2/repository/io/cucumber/gherkin/5.0.0/gherkin-5.0.0.jar:/home/alex/.m2/repository/io/cucumber/tag-expressions/1.1.1/tag-expressions-1.1.1.jar:/home/alex/.m2/repository/commons-logging/commons-logging/1.2/commons-logging-1.2.jar:/home/alex/.m2/repository/io/vavr/vavr/0.9.0/vavr-0.9.0.jar:/home/alex/.m2/repository/io/vavr/vavr-match/0.9.0/vavr-match-0.9.0.jar:/home/alex/.m2/repository/javax/xml/bind/jaxb-api/2.2.12/jaxb-api-2.2.12.jar:/home/alex/.m2/repository/com/sun/xml/bind/jaxb-core/2.3.0.1/jaxb-core-2.3.0.1.jar:/home/alex/.m2/repository/com/sun/xml/bind/jaxb-impl/2.3.0.1/jaxb-impl-2.3.0.1.jar:/home/alex/.m2/repository/javax/activation/activation/1.1.1/activation-1.1.1.jar:/home/alex/.m2/repository/org/mockito/mockito-core/2.25.0/mockito-core-2.25.0.jar:/home/alex/.m2/repository/net/serenity-bdd/serenity-report-resources/2.0.48/serenity-report-resources-2.0.48.jar:/home/alex/.m2/repository/net/serenity-bdd/serenity-model/2.0.48/serenity-model-2.0.48.jar:/home/alex/.m2/repository/commons-net/commons-net/3.6/commons-net-3.6.jar:/home/alex/.m2/repository/org/apache/commons/commons-text/1.6/commons-text-1.6.jar:/home/alex/.m2/repository/net/serenity-bdd/serenity-reports/2.0.48/serenity-reports-2.0.48.jar:/home/alex/.m2/repository/net/serenity-bdd/serenity-stats/2.0.48/serenity-stats-2.0.48.jar:/home/alex/.m2/repository/org/jetbrains/kotlin/kotlin-stdlib/1.2.51/kotlin-stdlib-1.2.51.jar:/home/alex/.m2/repository/org/jetbrains/kotlin/kotlin-stdlib-common/1.2.51/kotlin-stdlib-common-1.2.51.jar:/home/alex/.m2/repository/org/jetbrains/annotations/13.0/annotations-13.0.jar:/home/alex/.m2/repository/com/google/code/gson/gson/2.8.4/gson-2.8.4.jar:/home/alex/.m2/repository/commons-io/commons-io/2.6/commons-io-2.6.jar:/home/alex/.m2/repository/org/seleniumhq/selenium/selenium-server/3.141.59/selenium-server-3.141.59.jar:/home/alex/.m2/repository/org/seleniumhq/selenium/selenium-firefox-driver/3.141.59/selenium-firefox-driver-3.141.59.jar:/home/alex/.m2/repository/org/seleniumhq/selenium/selenium-ie-driver/3.141.59/selenium-ie-driver-3.141.59.jar:/home/alex/.m2/repository/com/beust/jcommander/1.72/jcommander-1.72.jar:/home/alex/.m2/repository/net/jcip/jcip-annotations/1.0/jcip-annotations-1.0.jar:/home/alex/.m2/repository/org/seleniumhq/selenium/jetty-repacked/9.4.12.v20180830/jetty-repacked-9.4.12.v20180830.jar:/home/alex/.m2/repository/com/squareup/okhttp3/okhttp/3.11.0/okhttp-3.11.0.jar:/home/alex/.m2/repository/com/squareup/okio/okio/1.14.0/okio-1.14.0.jar:/home/alex/.m2/repository/javax/servlet/javax.servlet-api/3.1.0/javax.servlet-api-3.1.0.jar:/home/alex/.m2/repository/org/yaml/snakeyaml/1.19/snakeyaml-1.19.jar:/home/alex/.m2/repository/org/seleniumhq/selenium/selenium-java/3.141.59/selenium-java-3.141.59.jar:/home/alex/.m2/repository/org/seleniumhq/selenium/selenium-api/3.141.59/selenium-api-3.141.59.jar:/home/alex/.m2/repository/org/seleniumhq/selenium/selenium-chrome-driver/3.141.59/selenium-chrome-driver-3.141.59.jar:/home/alex/.m2/repository/org/seleniumhq/selenium/selenium-edge-driver/3.141.59/selenium-edge-driver-3.141.59.jar:/home/alex/.m2/repository/org/seleniumhq/selenium/selenium-remote-driver/3.141.59/selenium-remote-driver-3.141.59.jar:/home/alex/.m2/repository/org/seleniumhq/selenium/selenium-safari-driver/3.141.59/selenium-safari-driver-3.141.59.jar:/home/alex/.m2/repository/org/seleniumhq/selenium/selenium-opera-driver/3.141.59/selenium-opera-driver-3.141.59.jar:/home/alex/.m2/repository/org/seleniumhq/selenium/selenium-support/3.141.59/selenium-support-3.141.59.jar:/home/alex/.m2/repository/com/paulhammant/ngwebdriver/1.1.4/ngwebdriver-1.1.4.jar:/home/alex/.m2/repository/com/codeborne/phantomjsdriver/1.4.4/phantomjsdriver-1.4.4.jar:/home/alex/.m2/repository/org/eclipse/jetty/jetty-util/9.4.8.v20171121/jetty-util-9.4.8.v20171121.jar:/home/alex/.m2/repository/org/eclipse/jetty/jetty-io/9.4.8.v20171121/jetty-io-9.4.8.v20171121.jar:/home/alex/.m2/repository/org/seleniumhq/selenium/htmlunit-driver/2.33.1/htmlunit-driver-2.33.1.jar:/home/alex/.m2/repository/io/appium/java-client/6.1.0/java-client-6.1.0.jar:/home/alex/.m2/repository/commons-validator/commons-validator/1.6/commons-validator-1.6.jar:/home/alex/.m2/repository/commons-digester/commons-digester/1.8.1/commons-digester-1.8.1.jar:/home/alex/.m2/repository/org/springframework/spring-context/5.0.5.RELEASE/spring-context-5.0.5.RELEASE.jar:/home/alex/.m2/repository/org/springframework/spring-aop/5.0.5.RELEASE/spring-aop-5.0.5.RELEASE.jar:/home/alex/.m2/repository/org/springframework/spring-beans/5.0.5.RELEASE/spring-beans-5.0.5.RELEASE.jar:/home/alex/.m2/repository/org/springframework/spring-core/5.0.5.RELEASE/spring-core-5.0.5.RELEASE.jar:/home/alex/.m2/repository/org/springframework/spring-jcl/5.0.5.RELEASE/spring-jcl-5.0.5.RELEASE.jar:/home/alex/.m2/repository/org/springframework/spring-expression/5.0.5.RELEASE/spring-expression-5.0.5.RELEASE.jar:/home/alex/.m2/repository/org/aspectj/aspectjweaver/1.9.1/aspectjweaver-1.9.1.jar:/home/alex/.m2/repository/org/openpnp/opencv/3.2.0-1/opencv-3.2.0-1.jar:/home/alex/.m2/repository/org/glassfish/tyrus/tyrus-core/1.13.1/tyrus-core-1.13.1.jar:/home/alex/.m2/repository/org/glassfish/tyrus/tyrus-spi/1.13.1/tyrus-spi-1.13.1.jar:/home/alex/.m2/repository/javax/websocket/javax.websocket-api/1.1/javax.websocket-api-1.1.jar:/home/alex/.m2/repository/org/codehaus/groovy/groovy/2.5.5/groovy-2.5.5.jar:/home/alex/.m2/repository/net/sf/opencsv/opencsv/2.0/opencsv-2.0.jar:/home/alex/.m2/repository/commons-beanutils/commons-beanutils-core/1.8.3/commons-beanutils-core-1.8.3.jar:/home/alex/.m2/repository/joda-time/joda-time/2.7/joda-time-2.7.jar:/home/alex/.m2/repository/com/thoughtworks/xstream/xstream/1.4.9/xstream-1.4.9.jar:/home/alex/.m2/repository/xmlpull/xmlpull/1.1.3.1/xmlpull-1.1.3.1.jar:/home/alex/.m2/repository/xpp3/xpp3_min/1.1.4c/xpp3_min-1.1.4c.jar:/home/alex/.m2/repository/commons-collections/commons-collections/3.2.2/commons-collections-3.2.2.jar:/home/alex/.m2/repository/org/freemarker/freemarker/2.3.28/freemarker-2.3.28.jar:/home/alex/.m2/repository/net/sourceforge/jexcelapi/jxl/2.6.12/jxl-2.6.12.jar:/home/alex/.m2/repository/org/hamcrest/hamcrest-core/1.3/hamcrest-core-1.3.jar:/home/alex/.m2/repository/org/hamcrest/hamcrest-library/1.3/hamcrest-library-1.3.jar:/home/alex/.m2/repository/net/sourceforge/htmlunit/htmlunit/2.33/htmlunit-2.33.jar:/home/alex/.m2/repository/net/sourceforge/htmlunit/htmlunit-core-js/2.33/htmlunit-core-js-2.33.jar:/home/alex/.m2/repository/net/sourceforge/htmlunit/neko-htmlunit/2.33/neko-htmlunit-2.33.jar:/home/alex/.m2/repository/xerces/xercesImpl/2.12.0/xercesImpl-2.12.0.jar:/home/alex/.m2/repository/net/sourceforge/htmlunit/htmlunit-cssparser/1.2.0/htmlunit-cssparser-1.2.0.jar:/home/alex/.m2/repository/org/eclipse/jetty/websocket/websocket-client/9.4.12.v20180830/websocket-client-9.4.12.v20180830.jar:/home/alex/.m2/repository/org/eclipse/jetty/jetty-client/9.4.12.v20180830/jetty-client-9.4.12.v20180830.jar:/home/alex/.m2/repository/org/eclipse/jetty/jetty-http/9.4.12.v20180830/jetty-http-9.4.12.v20180830.jar:/home/alex/.m2/repository/org/eclipse/jetty/jetty-xml/9.4.12.v20180830/jetty-xml-9.4.12.v20180830.jar:/home/alex/.m2/repository/org/eclipse/jetty/websocket/websocket-common/9.4.12.v20180830/websocket-common-9.4.12.v20180830.jar:/home/alex/.m2/repository/org/eclipse/jetty/websocket/websocket-api/9.4.12.v20180830/websocket-api-9.4.12.v20180830.jar:/home/alex/.m2/repository/org/apache/httpcomponents/httpclient/4.5.5/httpclient-4.5.5.jar:/home/alex/.m2/repository/org/apache/httpcomponents/httpcore/4.4.9/httpcore-4.4.9.jar:/home/alex/.m2/repository/org/apache/httpcomponents/httpmime/4.5.5/httpmime-4.5.5.jar:/home/alex/.m2/repository/org/fluentlenium/fluentlenium-core/0.10.2/fluentlenium-core-0.10.2.jar:/home/alex/.m2/repository/com/jhlabs/filters/2.0.235/filters-2.0.235.jar:/home/alex/.m2/repository/org/asciidoctor/asciidoctorj/1.5.6/asciidoctorj-1.5.6.jar:/home/alex/.m2/repository/org/jruby/jruby-complete/1.7.26/jruby-complete-1.7.26.jar:/home/alex/.m2/repository/org/imgscalr/imgscalr-lib/4.2/imgscalr-lib-4.2.jar:/home/alex/.m2/repository/javax/el/javax.el-api/2.2.4/javax.el-api-2.2.4.jar:/home/alex/.m2/repository/org/glassfish/web/javax.el/2.2.4/javax.el-2.2.4.jar:/home/alex/.m2/repository/xalan/xalan/2.7.2/xalan-2.7.2.jar:/home/alex/.m2/repository/xalan/serializer/2.7.2/serializer-2.7.2.jar:/home/alex/.m2/repository/org/awaitility/awaitility/3.1.0/awaitility-3.1.0.jar:/home/alex/.m2/repository/com/typesafe/config/1.3.1/config-1.3.1.jar:/home/alex/.m2/repository/org/jsoup/jsoup/1.10.3/jsoup-1.10.3.jar:/home/alex/.m2/repository/com/google/jimfs/jimfs/1.1/jimfs-1.1.jar:/home/alex/.m2/repository/es/nitaur/markdown/txtmark/0.16/txtmark-0.16.jar:/home/alex/.m2/repository/com/vladsch/flexmark/flexmark-all/0.34.30/flexmark-all-0.34.30.jar:/home/alex/.m2/repository/com/vladsch/flexmark/flexmark/0.34.30/flexmark-0.34.30.jar:/home/alex/.m2/repository/com/vladsch/flexmark/flexmark-ext-abbreviation/0.34.30/flexmark-ext-abbreviation-0.34.30.jar:/home/alex/.m2/repository/com/vladsch/flexmark/flexmark-ext-admonition/0.34.30/flexmark-ext-admonition-0.34.30.jar:/home/alex/.m2/repository/com/vladsch/flexmark/flexmark-ext-anchorlink/0.34.30/flexmark-ext-anchorlink-0.34.30.jar:/home/alex/.m2/repository/com/vladsch/flexmark/flexmark-ext-aside/0.34.30/flexmark-ext-aside-0.34.30.jar:/home/alex/.m2/repository/com/vladsch/flexmark/flexmark-ext-attributes/0.34.30/flexmark-ext-attributes-0.34.30.jar:/home/alex/.m2/repository/com/vladsch/flexmark/flexmark-ext-autolink/0.34.30/flexmark-ext-autolink-0.34.30.jar:/home/alex/.m2/repository/org/nibor/autolink/autolink/0.6.0/autolink-0.6.0.jar:/home/alex/.m2/repository/com/vladsch/flexmark/flexmark-ext-definition/0.34.30/flexmark-ext-definition-0.34.30.jar:/home/alex/.m2/repository/com/vladsch/flexmark/flexmark-ext-emoji/0.34.30/flexmark-ext-emoji-0.34.30.jar:/home/alex/.m2/repository/com/vladsch/flexmark/flexmark-ext-enumerated-reference/0.34.30/flexmark-ext-enumerated-reference-0.34.30.jar:/home/alex/.m2/repository/com/vladsch/flexmark/flexmark-ext-escaped-character/0.34.30/flexmark-ext-escaped-character-0.34.30.jar:/home/alex/.m2/repository/com/vladsch/flexmark/flexmark-ext-footnotes/0.34.30/flexmark-ext-footnotes-0.34.30.jar:/home/alex/.m2/repository/com/vladsch/flexmark/flexmark-ext-gfm-issues/0.34.30/flexmark-ext-gfm-issues-0.34.30.jar:/home/alex/.m2/repository/com/vladsch/flexmark/flexmark-ext-gfm-strikethrough/0.34.30/flexmark-ext-gfm-strikethrough-0.34.30.jar:/home/alex/.m2/repository/com/vladsch/flexmark/flexmark-ext-gfm-tables/0.34.30/flexmark-ext-gfm-tables-0.34.30.jar:/home/alex/.m2/repository/com/vladsch/flexmark/flexmark-ext-gfm-tasklist/0.34.30/flexmark-ext-gfm-tasklist-0.34.30.jar:/home/alex/.m2/repository/com/vladsch/flexmark/flexmark-ext-gfm-users/0.34.30/flexmark-ext-gfm-users-0.34.30.jar:/home/alex/.m2/repository/com/vladsch/flexmark/flexmark-ext-gitlab/0.34.30/flexmark-ext-gitlab-0.34.30.jar:/home/alex/.m2/repository/com/vladsch/flexmark/flexmark-ext-jekyll-front-matter/0.34.30/flexmark-ext-jekyll-front-matter-0.34.30.jar:/home/alex/.m2/repository/com/vladsch/flexmark/flexmark-ext-jekyll-tag/0.34.30/flexmark-ext-jekyll-tag-0.34.30.jar:/home/alex/.m2/repository/com/vladsch/flexmark/flexmark-ext-media-tags/0.34.30/flexmark-ext-media-tags-0.34.30.jar:/home/alex/.m2/repository/com/vladsch/flexmark/flexmark-test-util/0.34.30/flexmark-test-util-0.34.30.jar:/home/alex/.m2/repository/com/vladsch/flexmark/flexmark-ext-ins/0.34.30/flexmark-ext-ins-0.34.30.jar:/home/alex/.m2/repository/com/vladsch/flexmark/flexmark-ext-xwiki-macros/0.34.30/flexmark-ext-xwiki-macros-0.34.30.jar:/home/alex/.m2/repository/com/vladsch/flexmark/flexmark-ext-superscript/0.34.30/flexmark-ext-superscript-0.34.30.jar:/home/alex/.m2/repository/com/vladsch/flexmark/flexmark-ext-tables/0.34.30/flexmark-ext-tables-0.34.30.jar:/home/alex/.m2/repository/com/vladsch/flexmark/flexmark-ext-toc/0.34.30/flexmark-ext-toc-0.34.30.jar:/home/alex/.m2/repository/com/vladsch/flexmark/flexmark-ext-typographic/0.34.30/flexmark-ext-typographic-0.34.30.jar:/home/alex/.m2/repository/com/vladsch/flexmark/flexmark-ext-wikilink/0.34.30/flexmark-ext-wikilink-0.34.30.jar:/home/alex/.m2/repository/com/vladsch/flexmark/flexmark-ext-yaml-front-matter/0.34.30/flexmark-ext-yaml-front-matter-0.34.30.jar:/home/alex/.m2/repository/com/vladsch/flexmark/flexmark-ext-youtube-embedded/0.34.30/flexmark-ext-youtube-embedded-0.34.30.jar:/home/alex/.m2/repository/com/vladsch/flexmark/flexmark-formatter/0.34.30/flexmark-formatter-0.34.30.jar:/home/alex/.m2/repository/com/vladsch/flexmark/flexmark-html-parser/0.34.30/flexmark-html-parser-0.34.30.jar:/home/alex/.m2/repository/com/vladsch/flexmark/flexmark-jira-converter/0.34.30/flexmark-jira-converter-0.34.30.jar:/home/alex/.m2/repository/com/vladsch/flexmark/flexmark-pdf-converter/0.34.30/flexmark-pdf-converter-0.34.30.jar:/home/alex/.m2/repository/com/openhtmltopdf/openhtmltopdf-core/0.0.1-RC13/openhtmltopdf-core-0.0.1-RC13.jar:/home/alex/.m2/repository/com/openhtmltopdf/openhtmltopdf-pdfbox/0.0.1-RC13/openhtmltopdf-pdfbox-0.0.1-RC13.jar:/home/alex/.m2/repository/org/apache/pdfbox/pdfbox/2.0.8/pdfbox-2.0.8.jar:/home/alex/.m2/repository/org/apache/pdfbox/fontbox/2.0.8/fontbox-2.0.8.jar:/home/alex/.m2/repository/org/apache/pdfbox/xmpbox/2.0.8/xmpbox-2.0.8.jar:/home/alex/.m2/repository/de/rototor/pdfbox/graphics2d/0.12/graphics2d-0.12.jar:/home/alex/.m2/repository/com/openhtmltopdf/openhtmltopdf-rtl-support/0.0.1-RC13/openhtmltopdf-rtl-support-0.0.1-RC13.jar:/home/alex/.m2/repository/com/ibm/icu/icu4j/59.1/icu4j-59.1.jar:/home/alex/.m2/repository/com/openhtmltopdf/openhtmltopdf-jsoup-dom-converter/0.0.1-RC13/openhtmltopdf-jsoup-dom-converter-0.0.1-RC13.jar:/home/alex/.m2/repository/com/vladsch/flexmark/flexmark-profile-pegdown/0.34.30/flexmark-profile-pegdown-0.34.30.jar:/home/alex/.m2/repository/com/vladsch/flexmark/flexmark-util/0.34.30/flexmark-util-0.34.30.jar:/home/alex/.m2/repository/com/vladsch/flexmark/flexmark-youtrack-converter/0.34.30/flexmark-youtrack-converter-0.34.30.jar:/home/alex/.m2/repository/net/serenity-bdd/serenity-junit/2.3.12/serenity-junit-2.3.12.jar:/home/alex/.m2/repository/io/cucumber/cucumber-java/6.6.0/cucumber-java-6.6.0.jar:/home/alex/.m2/repository/org/opentest4j/opentest4j/1.2.0/opentest4j-1.2.0.jar:/home/alex/.m2/repository/net/serenity-bdd/serenity-jbehave/1.46.0/serenity-jbehave-1.46.0.jar:/home/alex/.m2/repository/com/thoughtworks/paranamer/paranamer/2.8/paranamer-2.8.jar:/home/alex/.m2/repository/org/jbehave/jbehave-core/4.4/jbehave-core-4.4.jar:/home/alex/.m2/repository/org/hamcrest/hamcrest-integration/1.3/hamcrest-integration-1.3.jar:/home/alex/.m2/repository/org/apache/commons/commons-collections4/4.1/commons-collections4-4.1.jar:/home/alex/.m2/repository/org/codehaus/plexus/plexus-utils/3.1.0/plexus-utils-3.1.0.jar:/home/alex/.m2/repository/com/github/valfirst/jbehave-junit-runner/2.2.0/jbehave-junit-runner-2.2.0.jar:/home/alex/.m2/repository/org/reflections/reflections/0.9.11/reflections-0.9.11.jar:/home/alex/.m2/repository/org/javassist/javassist/3.21.0-GA/javassist-3.21.0-GA.jar:/home/alex/.m2/repository/org/codehaus/groovy/groovy-all/2.4.13/groovy-all-2.4.13.jar:/home/alex/.m2/repository/org/apache/commons/commons-lang3/3.9/commons-lang3-3.9.jar:/home/alex/.m2/repository/org/assertj/assertj-core/3.18.1/assertj-core-3.18.1.jar:/home/alex/.m2/repository/io/qameta/allure/allure-maven/2.8/allure-maven-2.8.jar:/home/alex/.m2/repository/org/apache/maven/maven-core/3.3.9/maven-core-3.3.9.jar:/home/alex/.m2/repository/org/apache/maven/maven-model/3.3.9/maven-model-3.3.9.jar:/home/alex/.m2/repository/org/apache/maven/maven-settings/3.3.9/maven-settings-3.3.9.jar:/home/alex/.m2/repository/org/apache/maven/maven-settings-builder/3.3.9/maven-settings-builder-3.3.9.jar:/home/alex/.m2/repository/org/apache/maven/maven-builder-support/3.3.9/maven-builder-support-3.3.9.jar:/home/alex/.m2/repository/org/apache/maven/maven-repository-metadata/3.3.9/maven-repository-metadata-3.3.9.jar:/home/alex/.m2/repository/org/apache/maven/maven-artifact/3.3.9/maven-artifact-3.3.9.jar:/home/alex/.m2/repository/org/apache/maven/maven-plugin-api/3.3.9/maven-plugin-api-3.3.9.jar:/home/alex/.m2/repository/org/apache/maven/maven-model-builder/3.3.9/maven-model-builder-3.3.9.jar:/home/alex/.m2/repository/org/apache/maven/maven-aether-provider/3.3.9/maven-aether-provider-3.3.9.jar:/home/alex/.m2/repository/org/eclipse/aether/aether-spi/1.0.2.v20150114/aether-spi-1.0.2.v20150114.jar:/home/alex/.m2/repository/org/eclipse/aether/aether-impl/1.0.2.v20150114/aether-impl-1.0.2.v20150114.jar:/home/alex/.m2/repository/org/eclipse/aether/aether-api/1.0.2.v20150114/aether-api-1.0.2.v20150114.jar:/home/alex/.m2/repository/org/eclipse/aether/aether-util/1.0.2.v20150114/aether-util-1.0.2.v20150114.jar:/home/alex/.m2/repository/org/eclipse/sisu/org.eclipse.sisu.plexus/0.3.2/org.eclipse.sisu.plexus-0.3.2.jar:/home/alex/.m2/repository/javax/enterprise/cdi-api/1.0/cdi-api-1.0.jar:/home/alex/.m2/repository/javax/annotation/jsr250-api/1.0/jsr250-api-1.0.jar:/home/alex/.m2/repository/org/eclipse/sisu/org.eclipse.sisu.inject/0.3.2/org.eclipse.sisu.inject-0.3.2.jar:/home/alex/.m2/repository/com/google/inject/guice/4.0/guice-4.0-no_aop.jar:/home/alex/.m2/repository/org/codehaus/plexus/plexus-interpolation/1.21/plexus-interpolation-1.21.jar:/home/alex/.m2/repository/org/codehaus/plexus/plexus-classworlds/2.5.2/plexus-classworlds-2.5.2.jar:/home/alex/.m2/repository/org/codehaus/plexus/plexus-component-annotations/1.6/plexus-component-annotations-1.6.jar:/home/alex/.m2/repository/org/sonatype/plexus/plexus-sec-dispatcher/1.3/plexus-sec-dispatcher-1.3.jar:/home/alex/.m2/repository/org/sonatype/plexus/plexus-cipher/1.4/plexus-cipher-1.4.jar:/home/alex/.m2/repository/org/apache/maven/reporting/maven-reporting-impl/2.4/maven-reporting-impl-2.4.jar:/home/alex/.m2/repository/org/apache/maven/reporting/maven-reporting-api/3.0/maven-reporting-api-3.0.jar:/home/alex/.m2/repository/org/apache/maven/maven-project/2.2.1/maven-project-2.2.1.jar:/home/alex/.m2/repository/org/apache/maven/maven-profile/2.2.1/maven-profile-2.2.1.jar:/home/alex/.m2/repository/org/apache/maven/maven-artifact-manager/2.2.1/maven-artifact-manager-2.2.1.jar:/home/alex/.m2/repository/backport-util-concurrent/backport-util-concurrent/3.1/backport-util-concurrent-3.1.jar:/home/alex/.m2/repository/org/apache/maven/maven-plugin-registry/2.2.1/maven-plugin-registry-2.2.1.jar:/home/alex/.m2/repository/org/codehaus/plexus/plexus-container-default/1.0-alpha-9-stable-1/plexus-container-default-1.0-alpha-9-stable-1.jar:/home/alex/.m2/repository/classworlds/classworlds/1.1-alpha-2/classworlds-1.1-alpha-2.jar:/home/alex/.m2/repository/org/apache/maven/shared/maven-shared-utils/0.6/maven-shared-utils-0.6.jar:/home/alex/.m2/repository/org/apache/maven/doxia/doxia-sink-api/1.6/doxia-sink-api-1.6.jar:/home/alex/.m2/repository/org/apache/maven/doxia/doxia-logging-api/1.6/doxia-logging-api-1.6.jar:/home/alex/.m2/repository/org/apache/maven/doxia/doxia-core/1.6/doxia-core-1.6.jar:/home/alex/.m2/repository/commons-lang/commons-lang/2.4/commons-lang-2.4.jar:/home/alex/.m2/repository/xmlunit/xmlunit/1.5/xmlunit-1.5.jar:/home/alex/.m2/repository/org/apache/maven/doxia/doxia-site-renderer/1.6/doxia-site-renderer-1.6.jar:/home/alex/.m2/repository/org/apache/maven/doxia/doxia-decoration-model/1.6/doxia-decoration-model-1.6.jar:/home/alex/.m2/repository/org/apache/maven/doxia/doxia-module-xhtml/1.6/doxia-module-xhtml-1.6.jar:/home/alex/.m2/repository/org/apache/maven/doxia/doxia-module-fml/1.6/doxia-module-fml-1.6.jar:/home/alex/.m2/repository/org/codehaus/plexus/plexus-i18n/1.0-beta-7/plexus-i18n-1.0-beta-7.jar:/home/alex/.m2/repository/org/codehaus/plexus/plexus-velocity/1.1.7/plexus-velocity-1.1.7.jar:/home/alex/.m2/repository/org/apache/velocity/velocity-tools/2.0/velocity-tools-2.0.jar:/home/alex/.m2/repository/commons-chain/commons-chain/1.1/commons-chain-1.1.jar:/home/alex/.m2/repository/dom4j/dom4j/1.1/dom4j-1.1.jar:/home/alex/.m2/repository/sslext/sslext/1.2-0/sslext-1.2-0.jar:/home/alex/.m2/repository/org/apache/struts/struts-core/1.3.8/struts-core-1.3.8.jar:/home/alex/.m2/repository/antlr/antlr/2.7.2/antlr-2.7.2.jar:/home/alex/.m2/repository/org/apache/struts/struts-taglib/1.3.8/struts-taglib-1.3.8.jar:/home/alex/.m2/repository/org/apache/struts/struts-tiles/1.3.8/struts-tiles-1.3.8.jar:/home/alex/.m2/repository/commons-beanutils/commons-beanutils/1.9.3/commons-beanutils-1.9.3.jar:/home/alex/.m2/repository/net/lingala/zip4j/zip4j/1.3.2/zip4j-1.3.2.jar:/home/alex/.m2/repository/org/apache/commons/commons-exec/1.3/commons-exec-1.3.jar:/home/alex/.m2/repository/org/apache/maven/plugin-tools/maven-plugin-annotations/3.2/maven-plugin-annotations-3.2.jar:/home/alex/.m2/repository/org/apache/maven/plugins/maven-jxr-plugin/2.5/maven-jxr-plugin-2.5.jar:/home/alex/.m2/repository/org/apache/velocity/velocity/1.5/velocity-1.5.jar:/home/alex/.m2/repository/oro/oro/2.0.8/oro-2.0.8.jar:/home/alex/.m2/repository/org/apache/maven/maven-jxr/2.5/maven-jxr-2.5.jar:/home/alex/.m2/repository/org/apache/maven/wagon/wagon-provider-api/1.0/wagon-provider-api-1.0.jar:"/>
    <property name="java.vm.vendor" value="Ubuntu"/>
    <property name="sun.arch.data.model" value="64"/>
    <property name="java.vendor.url" value="https://ubuntu.com/"/>
    <property name="user.timezone" value=""/>
    <property name="java.vm.specification.version" value="11"/>
    <property name="os.name" value="Linux"/>
    <property name="sun.java.launcher" value="SUN_STANDARD"/>
    <property name="user.country" value="US"/>
    <property name="sun.boot.library.path" value="/usr/lib/jvm/java-11-openjdk-amd64/lib"/>
    <property name="sun.java.command" value="/home/alex/IdeaProjects/Resume/target/surefire/surefirebooter13075953693201230193.jar /home/alex/IdeaProjects/Resume/target/surefire 2021-01-29T14-31-30_555-jvmRun1 surefire17564643472171676855tmp surefire_013983182292275424505tmp"/>
    <property name="jdk.debug" value="release"/>
    <property name="surefire.test.class.path" value="/home/alex/IdeaProjects/Resume/target/test-classes:/home/alex/IdeaProjects/Resume/target/classes:/home/alex/.m2/repository/io/qameta/allure/allure-junit4/2.12.1/allure-junit4-2.12.1.jar:/home/alex/.m2/repository/io/qameta/allure/allure-java-commons/2.12.1/allure-java-commons-2.12.1.jar:/home/alex/.m2/repository/io/qameta/allure/allure-model/2.12.1/allure-model-2.12.1.jar:/home/alex/.m2/repository/com/fasterxml/jackson/core/jackson-databind/2.9.8/jackson-databind-2.9.8.jar:/home/alex/.m2/repository/com/fasterxml/jackson/core/jackson-annotations/2.9.0/jackson-annotations-2.9.0.jar:/home/alex/.m2/repository/com/fasterxml/jackson/core/jackson-core/2.9.8/jackson-core-2.9.8.jar:/home/alex/.m2/repository/org/apache/tika/tika-core/1.20/tika-core-1.20.jar:/home/alex/.m2/repository/org/jooq/joor-java-8/0.9.10/joor-java-8-0.9.10.jar:/home/alex/.m2/repository/junit/junit/4.12/junit-4.12.jar:/home/alex/.m2/repository/org/slf4j/slf4j-simple/1.7.25/slf4j-simple-1.7.25.jar:/home/alex/.m2/repository/org/slf4j/slf4j-api/1.7.25/slf4j-api-1.7.25.jar:/home/alex/.m2/repository/net/serenity-bdd/serenity-core/2.0.48/serenity-core-2.0.48.jar:/home/alex/.m2/repository/net/bytebuddy/byte-buddy/1.9.12/byte-buddy-1.9.12.jar:/home/alex/.m2/repository/net/bytebuddy/byte-buddy-agent/1.9.12/byte-buddy-agent-1.9.12.jar:/home/alex/.m2/repository/com/google/guava/guava/25.0-jre/guava-25.0-jre.jar:/home/alex/.m2/repository/com/google/code/findbugs/jsr305/1.3.9/jsr305-1.3.9.jar:/home/alex/.m2/repository/org/checkerframework/checker-compat-qual/2.0.0/checker-compat-qual-2.0.0.jar:/home/alex/.m2/repository/com/google/errorprone/error_prone_annotations/2.1.3/error_prone_annotations-2.1.3.jar:/home/alex/.m2/repository/com/google/j2objc/j2objc-annotations/1.1/j2objc-annotations-1.1.jar:/home/alex/.m2/repository/org/codehaus/mojo/animal-sniffer-annotations/1.14/animal-sniffer-annotations-1.14.jar:/home/alex/.m2/repository/com/google/inject/guice/4.2.2/guice-4.2.2.jar:/home/alex/.m2/repository/javax/inject/javax.inject/1/javax.inject-1.jar:/home/alex/.m2/repository/aopalliance/aopalliance/1.0/aopalliance-1.0.jar:/home/alex/.m2/repository/cglib/cglib/3.2.5/cglib-3.2.5.jar:/home/alex/.m2/repository/org/ow2/asm/asm/5.0.3/asm-5.0.3.jar:/home/alex/.m2/repository/commons-codec/commons-codec/1.10/commons-codec-1.10.jar:/home/alex/.m2/repository/org/objenesis/objenesis/2.6/objenesis-2.6.jar:/home/alex/.m2/repository/xml-apis/xml-apis/1.4.01/xml-apis-1.4.01.jar:/home/alex/.m2/repository/io/cucumber/cucumber-core/2.4.0/cucumber-core-2.4.0.jar:/home/alex/.m2/repository/info/cukes/cucumber-html/0.2.6/cucumber-html-0.2.6.jar:/home/alex/.m2/repository/io/cucumber/cucumber-jvm-deps/1.0.6/cucumber-jvm-deps-1.0.6.jar:/home/alex/.m2/repository/io/cucumber/gherkin/5.0.0/gherkin-5.0.0.jar:/home/alex/.m2/repository/io/cucumber/tag-expressions/1.1.1/tag-expressions-1.1.1.jar:/home/alex/.m2/repository/commons-logging/commons-logging/1.2/commons-logging-1.2.jar:/home/alex/.m2/repository/io/vavr/vavr/0.9.0/vavr-0.9.0.jar:/home/alex/.m2/repository/io/vavr/vavr-match/0.9.0/vavr-match-0.9.0.jar:/home/alex/.m2/repository/javax/xml/bind/jaxb-api/2.2.12/jaxb-api-2.2.12.jar:/home/alex/.m2/repository/com/sun/xml/bind/jaxb-core/2.3.0.1/jaxb-core-2.3.0.1.jar:/home/alex/.m2/repository/com/sun/xml/bind/jaxb-impl/2.3.0.1/jaxb-impl-2.3.0.1.jar:/home/alex/.m2/repository/javax/activation/activation/1.1.1/activation-1.1.1.jar:/home/alex/.m2/repository/org/mockito/mockito-core/2.25.0/mockito-core-2.25.0.jar:/home/alex/.m2/repository/net/serenity-bdd/serenity-report-resources/2.0.48/serenity-report-resources-2.0.48.jar:/home/alex/.m2/repository/net/serenity-bdd/serenity-model/2.0.48/serenity-model-2.0.48.jar:/home/alex/.m2/repository/commons-net/commons-net/3.6/commons-net-3.6.jar:/home/alex/.m2/repository/org/apache/commons/commons-text/1.6/commons-text-1.6.jar:/home/alex/.m2/repository/net/serenity-bdd/serenity-reports/2.0.48/serenity-reports-2.0.48.jar:/home/alex/.m2/repository/net/serenity-bdd/serenity-stats/2.0.48/serenity-stats-2.0.48.jar:/home/alex/.m2/repository/org/jetbrains/kotlin/kotlin-stdlib/1.2.51/kotlin-stdlib-1.2.51.jar:/home/alex/.m2/repository/org/jetbrains/kotlin/kotlin-stdlib-common/1.2.51/kotlin-stdlib-common-1.2.51.jar:/home/alex/.m2/repository/org/jetbrains/annotations/13.0/annotations-13.0.jar:/home/alex/.m2/repository/com/google/code/gson/gson/2.8.4/gson-2.8.4.jar:/home/alex/.m2/repository/commons-io/commons-io/2.6/commons-io-2.6.jar:/home/alex/.m2/repository/org/seleniumhq/selenium/selenium-server/3.141.59/selenium-server-3.141.59.jar:/home/alex/.m2/repository/org/seleniumhq/selenium/selenium-firefox-driver/3.141.59/selenium-firefox-driver-3.141.59.jar:/home/alex/.m2/repository/org/seleniumhq/selenium/selenium-ie-driver/3.141.59/selenium-ie-driver-3.141.59.jar:/home/alex/.m2/repository/com/beust/jcommander/1.72/jcommander-1.72.jar:/home/alex/.m2/repository/net/jcip/jcip-annotations/1.0/jcip-annotations-1.0.jar:/home/alex/.m2/repository/org/seleniumhq/selenium/jetty-repacked/9.4.12.v20180830/jetty-repacked-9.4.12.v20180830.jar:/home/alex/.m2/repository/com/squareup/okhttp3/okhttp/3.11.0/okhttp-3.11.0.jar:/home/alex/.m2/repository/com/squareup/okio/okio/1.14.0/okio-1.14.0.jar:/home/alex/.m2/repository/javax/servlet/javax.servlet-api/3.1.0/javax.servlet-api-3.1.0.jar:/home/alex/.m2/repository/org/yaml/snakeyaml/1.19/snakeyaml-1.19.jar:/home/alex/.m2/repository/org/seleniumhq/selenium/selenium-java/3.141.59/selenium-java-3.141.59.jar:/home/alex/.m2/repository/org/seleniumhq/selenium/selenium-api/3.141.59/selenium-api-3.141.59.jar:/home/alex/.m2/repository/org/seleniumhq/selenium/selenium-chrome-driver/3.141.59/selenium-chrome-driver-3.141.59.jar:/home/alex/.m2/repository/org/seleniumhq/selenium/selenium-edge-driver/3.141.59/selenium-edge-driver-3.141.59.jar:/home/alex/.m2/repository/org/seleniumhq/selenium/selenium-remote-driver/3.141.59/selenium-remote-driver-3.141.59.jar:/home/alex/.m2/repository/org/seleniumhq/selenium/selenium-safari-driver/3.141.59/selenium-safari-driver-3.141.59.jar:/home/alex/.m2/repository/org/seleniumhq/selenium/selenium-opera-driver/3.141.59/selenium-opera-driver-3.141.59.jar:/home/alex/.m2/repository/org/seleniumhq/selenium/selenium-support/3.141.59/selenium-support-3.141.59.jar:/home/alex/.m2/repository/com/paulhammant/ngwebdriver/1.1.4/ngwebdriver-1.1.4.jar:/home/alex/.m2/repository/com/codeborne/phantomjsdriver/1.4.4/phantomjsdriver-1.4.4.jar:/home/alex/.m2/repository/org/eclipse/jetty/jetty-util/9.4.8.v20171121/jetty-util-9.4.8.v20171121.jar:/home/alex/.m2/repository/org/eclipse/jetty/jetty-io/9.4.8.v20171121/jetty-io-9.4.8.v20171121.jar:/home/alex/.m2/repository/org/seleniumhq/selenium/htmlunit-driver/2.33.1/htmlunit-driver-2.33.1.jar:/home/alex/.m2/repository/io/appium/java-client/6.1.0/java-client-6.1.0.jar:/home/alex/.m2/repository/commons-validator/commons-validator/1.6/commons-validator-1.6.jar:/home/alex/.m2/repository/commons-digester/commons-digester/1.8.1/commons-digester-1.8.1.jar:/home/alex/.m2/repository/org/springframework/spring-context/5.0.5.RELEASE/spring-context-5.0.5.RELEASE.jar:/home/alex/.m2/repository/org/springframework/spring-aop/5.0.5.RELEASE/spring-aop-5.0.5.RELEASE.jar:/home/alex/.m2/repository/org/springframework/spring-beans/5.0.5.RELEASE/spring-beans-5.0.5.RELEASE.jar:/home/alex/.m2/repository/org/springframework/spring-core/5.0.5.RELEASE/spring-core-5.0.5.RELEASE.jar:/home/alex/.m2/repository/org/springframework/spring-jcl/5.0.5.RELEASE/spring-jcl-5.0.5.RELEASE.jar:/home/alex/.m2/repository/org/springframework/spring-expression/5.0.5.RELEASE/spring-expression-5.0.5.RELEASE.jar:/home/alex/.m2/repository/org/aspectj/aspectjweaver/1.9.1/aspectjweaver-1.9.1.jar:/home/alex/.m2/repository/org/openpnp/opencv/3.2.0-1/opencv-3.2.0-1.jar:/home/alex/.m2/repository/org/glassfish/tyrus/tyrus-core/1.13.1/tyrus-core-1.13.1.jar:/home/alex/.m2/repository/org/glassfish/tyrus/tyrus-spi/1.13.1/tyrus-spi-1.13.1.jar:/home/alex/.m2/repository/javax/websocket/javax.websocket-api/1.1/javax.websocket-api-1.1.jar:/home/alex/.m2/repository/org/codehaus/groovy/groovy/2.5.5/groovy-2.5.5.jar:/home/alex/.m2/repository/net/sf/opencsv/opencsv/2.0/opencsv-2.0.jar:/home/alex/.m2/repository/commons-beanutils/commons-beanutils-core/1.8.3/commons-beanutils-core-1.8.3.jar:/home/alex/.m2/repository/joda-time/joda-time/2.7/joda-time-2.7.jar:/home/alex/.m2/repository/com/thoughtworks/xstream/xstream/1.4.9/xstream-1.4.9.jar:/home/alex/.m2/repository/xmlpull/xmlpull/1.1.3.1/xmlpull-1.1.3.1.jar:/home/alex/.m2/repository/xpp3/xpp3_min/1.1.4c/xpp3_min-1.1.4c.jar:/home/alex/.m2/repository/commons-collections/commons-collections/3.2.2/commons-collections-3.2.2.jar:/home/alex/.m2/repository/org/freemarker/freemarker/2.3.28/freemarker-2.3.28.jar:/home/alex/.m2/repository/net/sourceforge/jexcelapi/jxl/2.6.12/jxl-2.6.12.jar:/home/alex/.m2/repository/org/hamcrest/hamcrest-core/1.3/hamcrest-core-1.3.jar:/home/alex/.m2/repository/org/hamcrest/hamcrest-library/1.3/hamcrest-library-1.3.jar:/home/alex/.m2/repository/net/sourceforge/htmlunit/htmlunit/2.33/htmlunit-2.33.jar:/home/alex/.m2/repository/net/sourceforge/htmlunit/htmlunit-core-js/2.33/htmlunit-core-js-2.33.jar:/home/alex/.m2/repository/net/sourceforge/htmlunit/neko-htmlunit/2.33/neko-htmlunit-2.33.jar:/home/alex/.m2/repository/xerces/xercesImpl/2.12.0/xercesImpl-2.12.0.jar:/home/alex/.m2/repository/net/sourceforge/htmlunit/htmlunit-cssparser/1.2.0/htmlunit-cssparser-1.2.0.jar:/home/alex/.m2/repository/org/eclipse/jetty/websocket/websocket-client/9.4.12.v20180830/websocket-client-9.4.12.v20180830.jar:/home/alex/.m2/repository/org/eclipse/jetty/jetty-client/9.4.12.v20180830/jetty-client-9.4.12.v20180830.jar:/home/alex/.m2/repository/org/eclipse/jetty/jetty-http/9.4.12.v20180830/jetty-http-9.4.12.v20180830.jar:/home/alex/.m2/repository/org/eclipse/jetty/jetty-xml/9.4.12.v20180830/jetty-xml-9.4.12.v20180830.jar:/home/alex/.m2/repository/org/eclipse/jetty/websocket/websocket-common/9.4.12.v20180830/websocket-common-9.4.12.v20180830.jar:/home/alex/.m2/repository/org/eclipse/jetty/websocket/websocket-api/9.4.12.v20180830/websocket-api-9.4.12.v20180830.jar:/home/alex/.m2/repository/org/apache/httpcomponents/httpclient/4.5.5/httpclient-4.5.5.jar:/home/alex/.m2/repository/org/apache/httpcomponents/httpcore/4.4.9/httpcore-4.4.9.jar:/home/alex/.m2/repository/org/apache/httpcomponents/httpmime/4.5.5/httpmime-4.5.5.jar:/home/alex/.m2/repository/org/fluentlenium/fluentlenium-core/0.10.2/fluentlenium-core-0.10.2.jar:/home/alex/.m2/repository/com/jhlabs/filters/2.0.235/filters-2.0.235.jar:/home/alex/.m2/repository/org/asciidoctor/asciidoctorj/1.5.6/asciidoctorj-1.5.6.jar:/home/alex/.m2/repository/org/jruby/jruby-complete/1.7.26/jruby-complete-1.7.26.jar:/home/alex/.m2/repository/org/imgscalr/imgscalr-lib/4.2/imgscalr-lib-4.2.jar:/home/alex/.m2/repository/javax/el/javax.el-api/2.2.4/javax.el-api-2.2.4.jar:/home/alex/.m2/repository/org/glassfish/web/javax.el/2.2.4/javax.el-2.2.4.jar:/home/alex/.m2/repository/xalan/xalan/2.7.2/xalan-2.7.2.jar:/home/alex/.m2/repository/xalan/serializer/2.7.2/serializer-2.7.2.jar:/home/alex/.m2/repository/org/awaitility/awaitility/3.1.0/awaitility-3.1.0.jar:/home/alex/.m2/repository/com/typesafe/config/1.3.1/config-1.3.1.jar:/home/alex/.m2/repository/org/jsoup/jsoup/1.10.3/jsoup-1.10.3.jar:/home/alex/.m2/repository/com/google/jimfs/jimfs/1.1/jimfs-1.1.jar:/home/alex/.m2/repository/es/nitaur/markdown/txtmark/0.16/txtmark-0.16.jar:/home/alex/.m2/repository/com/vladsch/flexmark/flexmark-all/0.34.30/flexmark-all-0.34.30.jar:/home/alex/.m2/repository/com/vladsch/flexmark/flexmark/0.34.30/flexmark-0.34.30.jar:/home/alex/.m2/repository/com/vladsch/flexmark/flexmark-ext-abbreviation/0.34.30/flexmark-ext-abbreviation-0.34.30.jar:/home/alex/.m2/repository/com/vladsch/flexmark/flexmark-ext-admonition/0.34.30/flexmark-ext-admonition-0.34.30.jar:/home/alex/.m2/repository/com/vladsch/flexmark/flexmark-ext-anchorlink/0.34.30/flexmark-ext-anchorlink-0.34.30.jar:/home/alex/.m2/repository/com/vladsch/flexmark/flexmark-ext-aside/0.34.30/flexmark-ext-aside-0.34.30.jar:/home/alex/.m2/repository/com/vladsch/flexmark/flexmark-ext-attributes/0.34.30/flexmark-ext-attributes-0.34.30.jar:/home/alex/.m2/repository/com/vladsch/flexmark/flexmark-ext-autolink/0.34.30/flexmark-ext-autolink-0.34.30.jar:/home/alex/.m2/repository/org/nibor/autolink/autolink/0.6.0/autolink-0.6.0.jar:/home/alex/.m2/repository/com/vladsch/flexmark/flexmark-ext-definition/0.34.30/flexmark-ext-definition-0.34.30.jar:/home/alex/.m2/repository/com/vladsch/flexmark/flexmark-ext-emoji/0.34.30/flexmark-ext-emoji-0.34.30.jar:/home/alex/.m2/repository/com/vladsch/flexmark/flexmark-ext-enumerated-reference/0.34.30/flexmark-ext-enumerated-reference-0.34.30.jar:/home/alex/.m2/repository/com/vladsch/flexmark/flexmark-ext-escaped-character/0.34.30/flexmark-ext-escaped-character-0.34.30.jar:/home/alex/.m2/repository/com/vladsch/flexmark/flexmark-ext-footnotes/0.34.30/flexmark-ext-footnotes-0.34.30.jar:/home/alex/.m2/repository/com/vladsch/flexmark/flexmark-ext-gfm-issues/0.34.30/flexmark-ext-gfm-issues-0.34.30.jar:/home/alex/.m2/repository/com/vladsch/flexmark/flexmark-ext-gfm-strikethrough/0.34.30/flexmark-ext-gfm-strikethrough-0.34.30.jar:/home/alex/.m2/repository/com/vladsch/flexmark/flexmark-ext-gfm-tables/0.34.30/flexmark-ext-gfm-tables-0.34.30.jar:/home/alex/.m2/repository/com/vladsch/flexmark/flexmark-ext-gfm-tasklist/0.34.30/flexmark-ext-gfm-tasklist-0.34.30.jar:/home/alex/.m2/repository/com/vladsch/flexmark/flexmark-ext-gfm-users/0.34.30/flexmark-ext-gfm-users-0.34.30.jar:/home/alex/.m2/repository/com/vladsch/flexmark/flexmark-ext-gitlab/0.34.30/flexmark-ext-gitlab-0.34.30.jar:/home/alex/.m2/repository/com/vladsch/flexmark/flexmark-ext-jekyll-front-matter/0.34.30/flexmark-ext-jekyll-front-matter-0.34.30.jar:/home/alex/.m2/repository/com/vladsch/flexmark/flexmark-ext-jekyll-tag/0.34.30/flexmark-ext-jekyll-tag-0.34.30.jar:/home/alex/.m2/repository/com/vladsch/flexmark/flexmark-ext-media-tags/0.34.30/flexmark-ext-media-tags-0.34.30.jar:/home/alex/.m2/repository/com/vladsch/flexmark/flexmark-test-util/0.34.30/flexmark-test-util-0.34.30.jar:/home/alex/.m2/repository/com/vladsch/flexmark/flexmark-ext-ins/0.34.30/flexmark-ext-ins-0.34.30.jar:/home/alex/.m2/repository/com/vladsch/flexmark/flexmark-ext-xwiki-macros/0.34.30/flexmark-ext-xwiki-macros-0.34.30.jar:/home/alex/.m2/repository/com/vladsch/flexmark/flexmark-ext-superscript/0.34.30/flexmark-ext-superscript-0.34.30.jar:/home/alex/.m2/repository/com/vladsch/flexmark/flexmark-ext-tables/0.34.30/flexmark-ext-tables-0.34.30.jar:/home/alex/.m2/repository/com/vladsch/flexmark/flexmark-ext-toc/0.34.30/flexmark-ext-toc-0.34.30.jar:/home/alex/.m2/repository/com/vladsch/flexmark/flexmark-ext-typographic/0.34.30/flexmark-ext-typographic-0.34.30.jar:/home/alex/.m2/repository/com/vladsch/flexmark/flexmark-ext-wikilink/0.34.30/flexmark-ext-wikilink-0.34.30.jar:/home/alex/.m2/repository/com/vladsch/flexmark/flexmark-ext-yaml-front-matter/0.34.30/flexmark-ext-yaml-front-matter-0.34.30.jar:/home/alex/.m2/repository/com/vladsch/flexmark/flexmark-ext-youtube-embedded/0.34.30/flexmark-ext-youtube-embedded-0.34.30.jar:/home/alex/.m2/repository/com/vladsch/flexmark/flexmark-formatter/0.34.30/flexmark-formatter-0.34.30.jar:/home/alex/.m2/repository/com/vladsch/flexmark/flexmark-html-parser/0.34.30/flexmark-html-parser-0.34.30.jar:/home/alex/.m2/repository/com/vladsch/flexmark/flexmark-jira-converter/0.34.30/flexmark-jira-converter-0.34.30.jar:/home/alex/.m2/repository/com/vladsch/flexmark/flexmark-pdf-converter/0.34.30/flexmark-pdf-converter-0.34.30.jar:/home/alex/.m2/repository/com/openhtmltopdf/openhtmltopdf-core/0.0.1-RC13/openhtmltopdf-core-0.0.1-RC13.jar:/home/alex/.m2/repository/com/openhtmltopdf/openhtmltopdf-pdfbox/0.0.1-RC13/openhtmltopdf-pdfbox-0.0.1-RC13.jar:/home/alex/.m2/repository/org/apache/pdfbox/pdfbox/2.0.8/pdfbox-2.0.8.jar:/home/alex/.m2/repository/org/apache/pdfbox/fontbox/2.0.8/fontbox-2.0.8.jar:/home/alex/.m2/repository/org/apache/pdfbox/xmpbox/2.0.8/xmpbox-2.0.8.jar:/home/alex/.m2/repository/de/rototor/pdfbox/graphics2d/0.12/graphics2d-0.12.jar:/home/alex/.m2/repository/com/openhtmltopdf/openhtmltopdf-rtl-support/0.0.1-RC13/openhtmltopdf-rtl-support-0.0.1-RC13.jar:/home/alex/.m2/repository/com/ibm/icu/icu4j/59.1/icu4j-59.1.jar:/home/alex/.m2/repository/com/openhtmltopdf/openhtmltopdf-jsoup-dom-converter/0.0.1-RC13/openhtmltopdf-jsoup-dom-converter-0.0.1-RC13.jar:/home/alex/.m2/repository/com/vladsch/flexmark/flexmark-profile-pegdown/0.34.30/flexmark-profile-pegdown-0.34.30.jar:/home/alex/.m2/repository/com/vladsch/flexmark/flexmark-util/0.34.30/flexmark-util-0.34.30.jar:/home/alex/.m2/repository/com/vladsch/flexmark/flexmark-youtrack-converter/0.34.30/flexmark-youtrack-converter-0.34.30.jar:/home/alex/.m2/repository/net/serenity-bdd/serenity-junit/2.3.12/serenity-junit-2.3.12.jar:/home/alex/.m2/repository/io/cucumber/cucumber-java/6.6.0/cucumber-java-6.6.0.jar:/home/alex/.m2/repository/org/opentest4j/opentest4j/1.2.0/opentest4j-1.2.0.jar:/home/alex/.m2/repository/net/serenity-bdd/serenity-jbehave/1.46.0/serenity-jbehave-1.46.0.jar:/home/alex/.m2/repository/com/thoughtworks/paranamer/paranamer/2.8/paranamer-2.8.jar:/home/alex/.m2/repository/org/jbehave/jbehave-core/4.4/jbehave-core-4.4.jar:/home/alex/.m2/repository/org/hamcrest/hamcrest-integration/1.3/hamcrest-integration-1.3.jar:/home/alex/.m2/repository/org/apache/commons/commons-collections4/4.1/commons-collections4-4.1.jar:/home/alex/.m2/repository/org/codehaus/plexus/plexus-utils/3.1.0/plexus-utils-3.1.0.jar:/home/alex/.m2/repository/com/github/valfirst/jbehave-junit-runner/2.2.0/jbehave-junit-runner-2.2.0.jar:/home/alex/.m2/repository/org/reflections/reflections/0.9.11/reflections-0.9.11.jar:/home/alex/.m2/repository/org/javassist/javassist/3.21.0-GA/javassist-3.21.0-GA.jar:/home/alex/.m2/repository/org/codehaus/groovy/groovy-all/2.4.13/groovy-all-2.4.13.jar:/home/alex/.m2/repository/org/apache/commons/commons-lang3/3.9/commons-lang3-3.9.jar:/home/alex/.m2/repository/org/assertj/assertj-core/3.18.1/assertj-core-3.18.1.jar:/home/alex/.m2/repository/io/qameta/allure/allure-maven/2.8/allure-maven-2.8.jar:/home/alex/.m2/repository/org/apache/maven/maven-core/3.3.9/maven-core-3.3.9.jar:/home/alex/.m2/repository/org/apache/maven/maven-model/3.3.9/maven-model-3.3.9.jar:/home/alex/.m2/repository/org/apache/maven/maven-settings/3.3.9/maven-settings-3.3.9.jar:/home/alex/.m2/repository/org/apache/maven/maven-settings-builder/3.3.9/maven-settings-builder-3.3.9.jar:/home/alex/.m2/repository/org/apache/maven/maven-builder-support/3.3.9/maven-builder-support-3.3.9.jar:/home/alex/.m2/repository/org/apache/maven/maven-repository-metadata/3.3.9/maven-repository-metadata-3.3.9.jar:/home/alex/.m2/repository/org/apache/maven/maven-artifact/3.3.9/maven-artifact-3.3.9.jar:/home/alex/.m2/repository/org/apache/maven/maven-plugin-api/3.3.9/maven-plugin-api-3.3.9.jar:/home/alex/.m2/repository/org/apache/maven/maven-model-builder/3.3.9/maven-model-builder-3.3.9.jar:/home/alex/.m2/repository/org/apache/maven/maven-aether-provider/3.3.9/maven-aether-provider-3.3.9.jar:/home/alex/.m2/repository/org/eclipse/aether/aether-spi/1.0.2.v20150114/aether-spi-1.0.2.v20150114.jar:/home/alex/.m2/repository/org/eclipse/aether/aether-impl/1.0.2.v20150114/aether-impl-1.0.2.v20150114.jar:/home/alex/.m2/repository/org/eclipse/aether/aether-api/1.0.2.v20150114/aether-api-1.0.2.v20150114.jar:/home/alex/.m2/repository/org/eclipse/aether/aether-util/1.0.2.v20150114/aether-util-1.0.2.v20150114.jar:/home/alex/.m2/repository/org/eclipse/sisu/org.eclipse.sisu.plexus/0.3.2/org.eclipse.sisu.plexus-0.3.2.jar:/home/alex/.m2/repository/javax/enterprise/cdi-api/1.0/cdi-api-1.0.jar:/home/alex/.m2/repository/javax/annotation/jsr250-api/1.0/jsr250-api-1.0.jar:/home/alex/.m2/repository/org/eclipse/sisu/org.eclipse.sisu.inject/0.3.2/org.eclipse.sisu.inject-0.3.2.jar:/home/alex/.m2/repository/com/google/inject/guice/4.0/guice-4.0-no_aop.jar:/home/alex/.m2/repository/org/codehaus/plexus/plexus-interpolation/1.21/plexus-interpolation-1.21.jar:/home/alex/.m2/repository/org/codehaus/plexus/plexus-classworlds/2.5.2/plexus-classworlds-2.5.2.jar:/home/alex/.m2/repository/org/codehaus/plexus/plexus-component-annotations/1.6/plexus-component-annotations-1.6.jar:/home/alex/.m2/repository/org/sonatype/plexus/plexus-sec-dispatcher/1.3/plexus-sec-dispatcher-1.3.jar:/home/alex/.m2/repository/org/sonatype/plexus/plexus-cipher/1.4/plexus-cipher-1.4.jar:/home/alex/.m2/repository/org/apache/maven/reporting/maven-reporting-impl/2.4/maven-reporting-impl-2.4.jar:/home/alex/.m2/repository/org/apache/maven/reporting/maven-reporting-api/3.0/maven-reporting-api-3.0.jar:/home/alex/.m2/repository/org/apache/maven/maven-project/2.2.1/maven-project-2.2.1.jar:/home/alex/.m2/repository/org/apache/maven/maven-profile/2.2.1/maven-profile-2.2.1.jar:/home/alex/.m2/repository/org/apache/maven/maven-artifact-manager/2.2.1/maven-artifact-manager-2.2.1.jar:/home/alex/.m2/repository/backport-util-concurrent/backport-util-concurrent/3.1/backport-util-concurrent-3.1.jar:/home/alex/.m2/repository/org/apache/maven/maven-plugin-registry/2.2.1/maven-plugin-registry-2.2.1.jar:/home/alex/.m2/repository/org/codehaus/plexus/plexus-container-default/1.0-alpha-9-stable-1/plexus-container-default-1.0-alpha-9-stable-1.jar:/home/alex/.m2/repository/classworlds/classworlds/1.1-alpha-2/classworlds-1.1-alpha-2.jar:/home/alex/.m2/repository/org/apache/maven/shared/maven-shared-utils/0.6/maven-shared-utils-0.6.jar:/home/alex/.m2/repository/org/apache/maven/doxia/doxia-sink-api/1.6/doxia-sink-api-1.6.jar:/home/alex/.m2/repository/org/apache/maven/doxia/doxia-logging-api/1.6/doxia-logging-api-1.6.jar:/home/alex/.m2/repository/org/apache/maven/doxia/doxia-core/1.6/doxia-core-1.6.jar:/home/alex/.m2/repository/commons-lang/commons-lang/2.4/commons-lang-2.4.jar:/home/alex/.m2/repository/xmlunit/xmlunit/1.5/xmlunit-1.5.jar:/home/alex/.m2/repository/org/apache/maven/doxia/doxia-site-renderer/1.6/doxia-site-renderer-1.6.jar:/home/alex/.m2/repository/org/apache/maven/doxia/doxia-decoration-model/1.6/doxia-decoration-model-1.6.jar:/home/alex/.m2/repository/org/apache/maven/doxia/doxia-module-xhtml/1.6/doxia-module-xhtml-1.6.jar:/home/alex/.m2/repository/org/apache/maven/doxia/doxia-module-fml/1.6/doxia-module-fml-1.6.jar:/home/alex/.m2/repository/org/codehaus/plexus/plexus-i18n/1.0-beta-7/plexus-i18n-1.0-beta-7.jar:/home/alex/.m2/repository/org/codehaus/plexus/plexus-velocity/1.1.7/plexus-velocity-1.1.7.jar:/home/alex/.m2/repository/org/apache/velocity/velocity-tools/2.0/velocity-tools-2.0.jar:/home/alex/.m2/repository/commons-chain/commons-chain/1.1/commons-chain-1.1.jar:/home/alex/.m2/repository/dom4j/dom4j/1.1/dom4j-1.1.jar:/home/alex/.m2/repository/sslext/sslext/1.2-0/sslext-1.2-0.jar:/home/alex/.m2/repository/org/apache/struts/struts-core/1.3.8/struts-core-1.3.8.jar:/home/alex/.m2/repository/antlr/antlr/2.7.2/antlr-2.7.2.jar:/home/alex/.m2/repository/org/apache/struts/struts-taglib/1.3.8/struts-taglib-1.3.8.jar:/home/alex/.m2/repository/org/apache/struts/struts-tiles/1.3.8/struts-tiles-1.3.8.jar:/home/alex/.m2/repository/commons-beanutils/commons-beanutils/1.9.3/commons-beanutils-1.9.3.jar:/home/alex/.m2/repository/net/lingala/zip4j/zip4j/1.3.2/zip4j-1.3.2.jar:/home/alex/.m2/repository/org/apache/commons/commons-exec/1.3/commons-exec-1.3.jar:/home/alex/.m2/repository/org/apache/maven/plugin-tools/maven-plugin-annotations/3.2/maven-plugin-annotations-3.2.jar:/home/alex/.m2/repository/org/apache/maven/plugins/maven-jxr-plugin/2.5/maven-jxr-plugin-2.5.jar:/home/alex/.m2/repository/org/apache/velocity/velocity/1.5/velocity-1.5.jar:/home/alex/.m2/repository/oro/oro/2.0.8/oro-2.0.8.jar:/home/alex/.m2/repository/org/apache/maven/maven-jxr/2.5/maven-jxr-2.5.jar:/home/alex/.m2/repository/org/apache/maven/wagon/wagon-provider-api/1.0/wagon-provider-api-1.0.jar:"/>
    <property name="allure.results.directory" value="/home/alex/IdeaProjects/Resume/target/allure-results"/>
    <property name="sun.cpu.endian" value="little"/>
    <property name="user.home" value="/home/alex"/>
    <property name="user.language" value="en"/>
    <property name="java.specification.vendor" value="Oracle Corporation"/>
    <property name="java.version.date" value="2020-11-04"/>
    <property name="java.home" value="/usr/lib/jvm/java-11-openjdk-amd64"/>
    <property name="file.separator" value="/"/>
    <property name="basedir" value="/home/alex/IdeaProjects/Resume"/>
    <property name="java.vm.compressedOopsMode" value="32-bit"/>
    <property name="line.separator" value="&#10;"/>
    <property name="java.specification.name" value="Java Platform API Specification"/>
    <property name="java.vm.specification.vendor" value="Oracle Corporation"/>
    <property name="java.awt.graphicsenv" value="sun.awt.X11GraphicsEnvironment"/>
    <property name="surefire.real.class.path" value="/home/alex/IdeaProjects/Resume/target/surefire/surefirebooter13075953693201230193.jar"/>
    <property name="sun.management.compiler" value="HotSpot 64-Bit Tiered Compilers"/>
    <property name="java.runtime.version" value="11.0.9.1+1-Ubuntu-0ubuntu1.20.04"/>
    <property name="user.name" value="alex"/>
    <property name="path.separator" value=":"/>
    <property name="os.version" value="5.8.0-40-generic"/>
    <property name="java.runtime.name" value="OpenJDK Runtime Environment"/>
    <property name="file.encoding" value="UTF-8"/>
    <property name="java.vm.name" value="OpenJDK 64-Bit Server VM"/>
    <property name="localRepository" value="/home/alex/.m2/repository"/>
    <property name="java.vendor.url.bug" value="https://bugs.launchpad.net/ubuntu/+source/openjdk-lts"/>
    <property name="java.io.tmpdir" value="/tmp"/>
    <property name="java.version" value="11.0.9.1"/>
    <property name="user.dir" value="/home/alex/IdeaProjects/Resume"/>
    <property name="os.arch" value="amd64"/>
    <property name="java.vm.specification.name" value="Java Virtual Machine Specification"/>
    <property name="java.awt.printerjob" value="sun.print.PSPrinterJob"/>
    <property name="sun.os.patch.level" value="unknown"/>
    <property name="java.library.path" value="/usr/java/packages/lib:/usr/lib/x86_64-linux-gnu/jni:/lib/x86_64-linux-gnu:/usr/lib/x86_64-linux-gnu:/usr/lib/jni:/lib:/usr/lib"/>
    <property name="java.vm.info" value="mixed mode, sharing"/>
    <property name="java.vendor" value="Ubuntu"/>
    <property name="java.vm.version" value="11.0.9.1+1-Ubuntu-0ubuntu1.20.04"/>
    <property name="sun.io.unicode.encoding" value="UnicodeLittle"/>
    <property name="java.class.version" value="55.0"/>
  </properties>
  <testcase name="BeforeStories" classname="java.lang.Object" time="0.066"/>
  <testcase name="Given Customer open site" classname="definitions.rozetka.RozetkaStepDefinitions" time="6.619"/>
  <testcase name="When Customer click log in" classname="definitions.rozetka.RozetkaStepDefinitions" time="0.771"/>
  <testcase name="And Customer write &apos;&lt;mail&gt;&apos;" classname="definitions.rozetka.RozetkaStepDefinitions" time="0.944"/>
  <testcase name="And Write &apos;&lt;password&gt;&apos;" classname="definitions.rozetka.RozetkaStepDefinitions" time="0.749"/>
  <testcase name="And Customer click submit" classname="definitions.rozetka.RozetkaStepDefinitions" time="0.594"/>
  <testcase name="Then Customer see &apos;&lt;userName&gt;&apos; on home page" classname="definitions.rozetka.RozetkaStepDefinitions" time="0.765"/>
  <testcase name="[PENDING] !--" classname="[PENDING] !--" time="0">
    <skipped/>
    <system-out><![CDATA[
!--
!-- Scenario: incorrect credentialіs to login (PENDING)
]]></system-out>
    <system-err><![CDATA[[pool-1-thread-1] INFO net.thucydides.core.steps.ConsoleLoggingListener - STARTING STEP !--
!-- Scenario: incorrect credentialіs to login
[pool-1-thread-1] INFO net.thucydides.core.steps.ConsoleLoggingListener - TEST PENDING
[pool-1-thread-1] INFO net.thucydides.core.steps.ConsoleLoggingListener - PENDING STEP
]]></system-err>
  </testcase>
  <testcase name="!-- Given Customer open site" classname="!-- Given Customer open site" time="0">
    <skipped/>
    <system-out><![CDATA[!-- Meta: @logInCheck
!-- Given Customer open site
]]></system-out>
    <system-err><![CDATA[[pool-1-thread-1] INFO net.thucydides.core.steps.ConsoleLoggingListener - STARTING STEP !-- Meta: @logInCheck
[pool-1-thread-1] INFO net.thucydides.core.steps.ConsoleLoggingListener - IGNORING STEP
[pool-1-thread-1] INFO net.thucydides.core.steps.ConsoleLoggingListener - IGNORING STEP
]]></system-err>
  </testcase>
  <testcase name="!-- Given Customer open site" classname="!-- Given Customer open site" time="0">
    <skipped/>
    <system-out><![CDATA[!-- Scenario: adding items to cart
!-- Given Customer open site
]]></system-out>
    <system-err><![CDATA[[pool-1-thread-1] INFO net.thucydides.core.steps.ConsoleLoggingListener - STARTING STEP !-- Scenario: adding items to cart
[pool-1-thread-1] INFO net.thucydides.core.steps.ConsoleLoggingListener - IGNORING STEP
[pool-1-thread-1] INFO net.thucydides.core.steps.ConsoleLoggingListener - IGNORING STEP
]]></system-err>
  </testcase>
  <testcase name="!-- Given Customer open site" classname="!-- Given Customer open site" time="0">
    <skipped/>
    <system-out><![CDATA[!-- Scenario: checking the possibility of placing an order
!-- Given Customer open site
]]></system-out>
    <system-err><![CDATA[[pool-1-thread-1] INFO net.thucydides.core.steps.ConsoleLoggingListener - STARTING STEP !-- Scenario: checking the possibility of placing an order
[pool-1-thread-1] INFO net.thucydides.core.steps.ConsoleLoggingListener - IGNORING STEP
[pool-1-thread-1] INFO net.thucydides.core.steps.ConsoleLoggingListener - IGNORING STEP
]]></system-err>
  </testcase>
  <testcase name="!-- Given Customer open site" classname="!-- Given Customer open site" time="0">
    <skipped/>
    <system-out><![CDATA[!-- Scenario: checking the possibility of order cancellation
!-- Given Customer open site
]]></system-out>
    <system-err><![CDATA[[pool-1-thread-1] INFO net.thucydides.core.steps.ConsoleLoggingListener - STARTING STEP !-- Scenario: checking the possibility of order cancellation
[pool-1-thread-1] INFO net.thucydides.core.steps.ConsoleLoggingListener - IGNORING STEP
[pool-1-thread-1] INFO net.thucydides.core.steps.ConsoleLoggingListener - IGNORING STEP
]]></system-err>
  </testcase>
  <testcase name="!-- Given Customer open site" classname="!-- Given Customer open site" time="0">
    <skipped/>
    <system-out><![CDATA[!-- Scenario: checking that the page has 60 products
!-- Given Customer open site
]]></system-out>
    <system-err><![CDATA[[pool-1-thread-1] INFO net.thucydides.core.steps.ConsoleLoggingListener - STARTING STEP !-- Scenario: checking that the page has 60 products
[pool-1-thread-1] INFO net.thucydides.core.steps.ConsoleLoggingListener - IGNORING STEP
[pool-1-thread-1] INFO net.thucydides.core.steps.ConsoleLoggingListener - IGNORING STEP
]]></system-err>
  </testcase>
  <testcase name="!-- Given Customer open site" classname="!-- Given Customer open site" time="0">
    <skipped/>
    <system-out><![CDATA[!-- Given Customer open site
]]></system-out>
    <system-err><![CDATA[[pool-1-thread-1] INFO net.thucydides.core.steps.ConsoleLoggingListener - IGNORING STEP
]]></system-err>
  </testcase>
  <testcase name="!-- Given Customer open site" classname="!-- Given Customer open site" time="0">
    <skipped/>
    <system-out><![CDATA[!-- Given Customer open site
]]></system-out>
    <system-err><![CDATA[[pool-1-thread-1] INFO net.thucydides.core.steps.ConsoleLoggingListener - IGNORING STEP
]]></system-err>
  </testcase>
  <testcase name="!-- Given Customer open site" classname="!-- Given Customer open site" time="0">
    <skipped/>
    <system-out><![CDATA[!-- Given Customer open site
]]></system-out>
    <system-err><![CDATA[[pool-1-thread-1] INFO net.thucydides.core.steps.ConsoleLoggingListener - IGNORING STEP
]]></system-err>
  </testcase>
  <testcase name="!-- When Customer click log in" classname="!-- When Customer click log in" time="0">
    <skipped/>
    <system-out><![CDATA[!-- When Customer click log in
]]></system-out>
    <system-err><![CDATA[[pool-1-thread-1] INFO net.thucydides.core.steps.ConsoleLoggingListener - IGNORING STEP
]]></system-err>
  </testcase>
  <testcase name="!-- When Customer click log in" classname="!-- When Customer click log in" time="0">
    <skipped/>
    <system-out><![CDATA[!-- When Customer click log in
]]></system-out>
    <system-err><![CDATA[[pool-1-thread-1] INFO net.thucydides.core.steps.ConsoleLoggingListener - IGNORING STEP
]]></system-err>
  </testcase>
  <testcase name="!-- When Customer click log in" classname="!-- When Customer click log in" time="0">
    <skipped/>
    <system-out><![CDATA[!-- When Customer click log in
]]></system-out>
    <system-err><![CDATA[[pool-1-thread-1] INFO net.thucydides.core.steps.ConsoleLoggingListener - IGNORING STEP
]]></system-err>
  </testcase>
  <testcase name="!-- And Customer write &apos;&lt;mail&gt;&apos;" classname="!-- And Customer write &apos;&lt;mail&gt;&apos;" time="0">
    <skipped/>
    <system-out><![CDATA[!-- And Customer write '<mail>'
]]></system-out>
    <system-err><![CDATA[[pool-1-thread-1] INFO net.thucydides.core.steps.ConsoleLoggingListener - IGNORING STEP
]]></system-err>
  </testcase>
  <testcase name="!-- And Customer write &apos;&lt;mail&gt;&apos;" classname="!-- And Customer write &apos;&lt;mail&gt;&apos;" time="0">
    <skipped/>
    <system-out><![CDATA[!-- And Customer write '<mail>'
]]></system-out>
    <system-err><![CDATA[[pool-1-thread-1] INFO net.thucydides.core.steps.ConsoleLoggingListener - IGNORING STEP
]]></system-err>
  </testcase>
  <testcase name="!-- And Customer write &apos;&lt;mail&gt;&apos;" classname="!-- And Customer write &apos;&lt;mail&gt;&apos;" time="0">
    <skipped/>
    <system-out><![CDATA[!-- And Customer write '<mail>'
]]></system-out>
    <system-err><![CDATA[[pool-1-thread-1] INFO net.thucydides.core.steps.ConsoleLoggingListener - IGNORING STEP
]]></system-err>
  </testcase>
  <testcase name="!-- And Write &apos;&lt;password&gt;&apos;" classname="!-- And Write &apos;&lt;password&gt;&apos;" time="0">
    <skipped/>
    <system-out><![CDATA[!-- And Write '<password>'
]]></system-out>
    <system-err><![CDATA[[pool-1-thread-1] INFO net.thucydides.core.steps.ConsoleLoggingListener - IGNORING STEP
]]></system-err>
  </testcase>
  <testcase name="!-- And Write &apos;&lt;password&gt;&apos;" classname="!-- And Write &apos;&lt;password&gt;&apos;" time="0">
    <skipped/>
    <system-out><![CDATA[!-- And Write '<password>'
]]></system-out>
    <system-err><![CDATA[[pool-1-thread-1] INFO net.thucydides.core.steps.ConsoleLoggingListener - IGNORING STEP
]]></system-err>
  </testcase>
  <testcase name="!-- And Write &apos;&lt;password&gt;&apos;" classname="!-- And Write &apos;&lt;password&gt;&apos;" time="0">
    <skipped/>
    <system-out><![CDATA[!-- And Write '<password>'
]]></system-out>
    <system-err><![CDATA[[pool-1-thread-1] INFO net.thucydides.core.steps.ConsoleLoggingListener - IGNORING STEP
]]></system-err>
  </testcase>
  <testcase name="!-- And Customer click submit" classname="!-- And Customer click submit" time="0">
    <skipped/>
    <system-out><![CDATA[!-- And Customer click submit
]]></system-out>
    <system-err><![CDATA[[pool-1-thread-1] INFO net.thucydides.core.steps.ConsoleLoggingListener - IGNORING STEP
]]></system-err>
  </testcase>
  <testcase name="!-- And Customer click submit" classname="!-- And Customer click submit" time="0">
    <skipped/>
    <system-out><![CDATA[!-- And Customer click submit
]]></system-out>
    <system-err><![CDATA[[pool-1-thread-1] INFO net.thucydides.core.steps.ConsoleLoggingListener - IGNORING STEP
]]></system-err>
  </testcase>
  <testcase name="!-- And Customer click submit" classname="!-- And Customer click submit" time="0">
    <skipped/>
    <system-out><![CDATA[!-- And Customer click submit
]]></system-out>
    <system-err><![CDATA[[pool-1-thread-1] INFO net.thucydides.core.steps.ConsoleLoggingListener - IGNORING STEP
]]></system-err>
  </testcase>
  <testcase name="!-- Then Customer see error massege" classname="!-- Then Customer see error massege" time="0">
    <skipped/>
    <system-out><![CDATA[!-- Then Customer see error massege
]]></system-out>
    <system-err><![CDATA[[pool-1-thread-1] INFO net.thucydides.core.steps.ConsoleLoggingListener - IGNORING STEP
]]></system-err>
  </testcase>
  <testcase name="[PENDING] !--​" classname="[PENDING] !--​" time="0">
    <skipped/>
    <system-out><![CDATA[!--
!-- Examples: (PENDING)
]]></system-out>
    <system-err><![CDATA[[pool-1-thread-1] INFO net.thucydides.core.steps.ConsoleLoggingListener - STARTING STEP !--
!-- Examples:
[pool-1-thread-1] INFO net.thucydides.core.steps.ConsoleLoggingListener - TEST PENDING
[pool-1-thread-1] INFO net.thucydides.core.steps.ConsoleLoggingListener - PENDING STEP
]]></system-err>
  </testcase>
  <testcase name="[PENDING] !--​​" classname="[PENDING] !--​​" time="0">
    <skipped/>
    <system-out><![CDATA[!-- |   mail                   |    password        |
!-- |   detotaj146econeom.com  |    ttIEpExqjQmi1   |
!-- |   detotaj146             |    ttIEpExqjQmi1   |
!-- |   @econeom.com           |    ttIEpExqjQmi1   |
!-- |   detotaj146@econeom.com |    ttIEpExq        |
!--
!-- (PENDING)
]]></system-out>
    <system-err><![CDATA[[pool-1-thread-1] INFO net.thucydides.core.steps.ConsoleLoggingListener - STARTING STEP !-- |   mail                   |    password        |
[pool-1-thread-1] INFO net.thucydides.core.steps.ConsoleLoggingListener - IGNORING STEP
[pool-1-thread-1] INFO net.thucydides.core.steps.ConsoleLoggingListener - STARTING STEP !-- |   detotaj146econeom.com  |    ttIEpExqjQmi1   |
[pool-1-thread-1] INFO net.thucydides.core.steps.ConsoleLoggingListener - IGNORING STEP
[pool-1-thread-1] INFO net.thucydides.core.steps.ConsoleLoggingListener - STARTING STEP !-- |   detotaj146             |    ttIEpExqjQmi1   |
[pool-1-thread-1] INFO net.thucydides.core.steps.ConsoleLoggingListener - IGNORING STEP
[pool-1-thread-1] INFO net.thucydides.core.steps.ConsoleLoggingListener - STARTING STEP !-- |   @econeom.com           |    ttIEpExqjQmi1   |
[pool-1-thread-1] INFO net.thucydides.core.steps.ConsoleLoggingListener - IGNORING STEP
[pool-1-thread-1] INFO net.thucydides.core.steps.ConsoleLoggingListener - STARTING STEP !-- |   detotaj146@econeom.com |    ttIEpExq        |
[pool-1-thread-1] INFO net.thucydides.core.steps.ConsoleLoggingListener - IGNORING STEP
[pool-1-thread-1] INFO net.thucydides.core.steps.ConsoleLoggingListener - STARTING STEP !--
!--
[pool-1-thread-1] INFO net.thucydides.core.steps.ConsoleLoggingListener - TEST PENDING
[pool-1-thread-1] INFO net.thucydides.core.steps.ConsoleLoggingListener - PENDING STEP
]]></system-err>
  </testcase>
  <testcase name="!-- When Customer hovers the mouse cursor over &quot;smartphones, TV and electronics&quot; in the product catalog, which is located on the left side of the page" classname="!-- When Customer hovers the mouse cursor over &quot;smartphones, TV and electronics&quot; in the product catalog, which is located on the left side of the page" time="0">
    <skipped/>
    <system-out><![CDATA[!-- When Customer hovers the mouse cursor over "smartphones, TV and electronics" in the product catalog, which is located on the left side of the page
]]></system-out>
    <system-err><![CDATA[[pool-1-thread-1] INFO net.thucydides.core.steps.ConsoleLoggingListener - IGNORING STEP
]]></system-err>
  </testcase>
  <testcase name="!-- And Customer clicks &quot;Smartphones&quot;" classname="!-- And Customer clicks &quot;Smartphones&quot;" time="0">
    <skipped/>
    <system-out><![CDATA[!-- And Customer clicks "Smartphones"
]]></system-out>
    <system-err><![CDATA[[pool-1-thread-1] INFO net.thucydides.core.steps.ConsoleLoggingListener - IGNORING STEP
]]></system-err>
  </testcase>
  <testcase name="!-- And Customer clicks &quot;Smartphones&quot;" classname="!-- And Customer clicks &quot;Smartphones&quot;" time="0">
    <skipped/>
    <system-out><![CDATA[!-- And Customer clicks "Smartphones"
]]></system-out>
    <system-err><![CDATA[[pool-1-thread-1] INFO net.thucydides.core.steps.ConsoleLoggingListener - IGNORING STEP
]]></system-err>
  </testcase>
  <testcase name="!-- And Customer clicks the cart on the first product" classname="!-- And Customer clicks the cart on the first product" time="0">
    <skipped/>
    <system-out><![CDATA[!-- And Customer clicks the cart on the first product
]]></system-out>
    <system-err><![CDATA[[pool-1-thread-1] INFO net.thucydides.core.steps.ConsoleLoggingListener - IGNORING STEP
]]></system-err>
  </testcase>
  <testcase name="!-- And Customer clicks the cart on the first product" classname="!-- And Customer clicks the cart on the first product" time="0">
    <skipped/>
    <system-out><![CDATA[!-- And Customer clicks the cart on the first product
]]></system-out>
    <system-err><![CDATA[[pool-1-thread-1] INFO net.thucydides.core.steps.ConsoleLoggingListener - IGNORING STEP
]]></system-err>
  </testcase>
  <testcase name="!-- And Customer clicks the cart on the header" classname="!-- And Customer clicks the cart on the header" time="0">
    <skipped/>
    <system-out><![CDATA[!-- And Customer clicks the cart on the header
]]></system-out>
    <system-err><![CDATA[[pool-1-thread-1] INFO net.thucydides.core.steps.ConsoleLoggingListener - IGNORING STEP
]]></system-err>
  </testcase>
  <testcase name="!-- And Customer clicks the cart on the header" classname="!-- And Customer clicks the cart on the header" time="0">
    <skipped/>
    <system-out><![CDATA[!-- And Customer clicks the cart on the header
]]></system-out>
    <system-err><![CDATA[[pool-1-thread-1] INFO net.thucydides.core.steps.ConsoleLoggingListener - IGNORING STEP
]]></system-err>
  </testcase>
  <testcase name="!-- Then Customer sees the selected product in the cart" classname="!-- Then Customer sees the selected product in the cart" time="0">
    <skipped/>
    <system-out><![CDATA[!-- Then Customer sees the selected product in the cart
]]></system-out>
    <system-err><![CDATA[[pool-1-thread-1] INFO net.thucydides.core.steps.ConsoleLoggingListener - IGNORING STEP
]]></system-err>
  </testcase>
  <testcase name="[PENDING] !--​​​" classname="[PENDING] !--​​​" time="0">
    <skipped/>
    <system-out><![CDATA[!--
!-- (PENDING)
]]></system-out>
    <system-err><![CDATA[[pool-1-thread-1] INFO net.thucydides.core.steps.ConsoleLoggingListener - STARTING STEP !--
!--
[pool-1-thread-1] INFO net.thucydides.core.steps.ConsoleLoggingListener - TEST PENDING
[pool-1-thread-1] INFO net.thucydides.core.steps.ConsoleLoggingListener - PENDING STEP
]]></system-err>
  </testcase>
  <testcase name="!-- And Customer hovers the mouse cursor over &quot;smartphones, TV and electronics&quot; in the product catalog, which is located on the left side of the page" classname="!-- And Customer hovers the mouse cursor over &quot;smartphones, TV and electronics&quot; in the product catalog, which is located on the left side of the page" time="0">
    <skipped/>
    <system-out><![CDATA[!-- And Customer hovers the mouse cursor over "smartphones, TV and electronics" in the product catalog, which is located on the left side of the page
]]></system-out>
    <system-err><![CDATA[[pool-1-thread-1] INFO net.thucydides.core.steps.ConsoleLoggingListener - IGNORING STEP
]]></system-err>
  </testcase>
  <testcase name="!-- And Customer presses the &apos;place an order&apos; button" classname="!-- And Customer presses the &apos;place an order&apos; button" time="0">
    <skipped/>
    <system-out><![CDATA[!-- And Customer presses the 'place an order' button
]]></system-out>
    <system-err><![CDATA[[pool-1-thread-1] INFO net.thucydides.core.steps.ConsoleLoggingListener - IGNORING STEP
]]></system-err>
  </testcase>
  <testcase name="!-- And Customer selects the delivery point" classname="!-- And Customer selects the delivery point" time="0">
    <skipped/>
    <system-out><![CDATA[!-- And Customer selects the delivery point
]]></system-out>
    <system-err><![CDATA[[pool-1-thread-1] INFO net.thucydides.core.steps.ConsoleLoggingListener - IGNORING STEP
]]></system-err>
  </testcase>
  <testcase name="!-- And Customer presses the order confirmation button" classname="!-- And Customer presses the order confirmation button" time="0">
    <skipped/>
    <system-out><![CDATA[!-- And Customer presses the order confirmation button
]]></system-out>
    <system-err><![CDATA[[pool-1-thread-1] INFO net.thucydides.core.steps.ConsoleLoggingListener - IGNORING STEP
]]></system-err>
  </testcase>
  <testcase name="!-- Then Customer sees the order number" classname="!-- Then Customer sees the order number" time="0">
    <skipped/>
    <system-out><![CDATA[!-- Then Customer sees the order number
]]></system-out>
    <system-err><![CDATA[[pool-1-thread-1] INFO net.thucydides.core.steps.ConsoleLoggingListener - IGNORING STEP
]]></system-err>
  </testcase>
  <testcase name="[PENDING] !--​​​​" classname="[PENDING] !--​​​​" time="0">
    <skipped/>
    <system-out><![CDATA[!--
!-- Examples: (PENDING)
]]></system-out>
    <system-err><![CDATA[[pool-1-thread-1] INFO net.thucydides.core.steps.ConsoleLoggingListener - STARTING STEP !--
!-- Examples:
[pool-1-thread-1] INFO net.thucydides.core.steps.ConsoleLoggingListener - TEST PENDING
[pool-1-thread-1] INFO net.thucydides.core.steps.ConsoleLoggingListener - PENDING STEP
]]></system-err>
  </testcase>
  <testcase name="[PENDING] !--​​​​​" classname="[PENDING] !--​​​​​" time="0">
    <skipped/>
    <system-out><![CDATA[!-- |   mail                   |    password        |   userName         |
!-- |   detotaj146@econeom.com |    ttIEpExqjQmi1   |  Никола Питерский  |
!--
!-- (PENDING)
]]></system-out>
    <system-err><![CDATA[[pool-1-thread-1] INFO net.thucydides.core.steps.ConsoleLoggingListener - STARTING STEP !-- |   mail                   |    password        |   userName         |
[pool-1-thread-1] INFO net.thucydides.core.steps.ConsoleLoggingListener - IGNORING STEP
[pool-1-thread-1] INFO net.thucydides.core.steps.ConsoleLoggingListener - STARTING STEP !-- |   detotaj146@econeom.com |    ttIEpExqjQmi1   |  Никола Питерский  |
[pool-1-thread-1] INFO net.thucydides.core.steps.ConsoleLoggingListener - IGNORING STEP
[pool-1-thread-1] INFO net.thucydides.core.steps.ConsoleLoggingListener - STARTING STEP !--
!--
[pool-1-thread-1] INFO net.thucydides.core.steps.ConsoleLoggingListener - TEST PENDING
[pool-1-thread-1] INFO net.thucydides.core.steps.ConsoleLoggingListener - PENDING STEP
]]></system-err>
  </testcase>
  <testcase name="!-- And Customer hovers the mouse cursor over the username" classname="!-- And Customer hovers the mouse cursor over the username" time="0">
    <skipped/>
    <system-out><![CDATA[!-- And Customer hovers the mouse cursor over the username
]]></system-out>
    <system-err><![CDATA[[pool-1-thread-1] INFO net.thucydides.core.steps.ConsoleLoggingListener - IGNORING STEP
]]></system-err>
  </testcase>
  <testcase name="!-- And clicks &apos;my orders&apos;" classname="!-- And clicks &apos;my orders&apos;" time="0">
    <skipped/>
    <system-out><![CDATA[!-- And clicks 'my orders'
]]></system-out>
    <system-err><![CDATA[[pool-1-thread-1] INFO net.thucydides.core.steps.ConsoleLoggingListener - IGNORING STEP
]]></system-err>
  </testcase>
  <testcase name="!-- And clicks &apos;cancel order&apos;" classname="!-- And clicks &apos;cancel order&apos;" time="0">
    <skipped/>
    <system-out><![CDATA[!-- And clicks 'cancel order'
]]></system-out>
    <system-err><![CDATA[[pool-1-thread-1] INFO net.thucydides.core.steps.ConsoleLoggingListener - IGNORING STEP
]]></system-err>
  </testcase>
  <testcase name="!-- And click &apos;yes&apos; in the order cancellation window to confirm" classname="!-- And click &apos;yes&apos; in the order cancellation window to confirm" time="0">
    <skipped/>
    <system-out><![CDATA[!-- And click 'yes' in the order cancellation window to confirm
]]></system-out>
    <system-err><![CDATA[[pool-1-thread-1] INFO net.thucydides.core.steps.ConsoleLoggingListener - IGNORING STEP
]]></system-err>
  </testcase>
  <testcase name="!-- Then Customer sees a cancellation message in front of your order" classname="!-- Then Customer sees a cancellation message in front of your order" time="0">
    <skipped/>
    <system-out><![CDATA[!-- Then Customer sees a cancellation message in front of your order
]]></system-out>
    <system-err><![CDATA[[pool-1-thread-1] INFO net.thucydides.core.steps.ConsoleLoggingListener - IGNORING STEP
]]></system-err>
  </testcase>
  <testcase name="[PENDING] !--​​​​​​" classname="[PENDING] !--​​​​​​" time="0">
    <skipped/>
    <system-out><![CDATA[!--
!-- Examples: (PENDING)
]]></system-out>
    <system-err><![CDATA[[pool-1-thread-1] INFO net.thucydides.core.steps.ConsoleLoggingListener - STARTING STEP !--
!-- Examples:
[pool-1-thread-1] INFO net.thucydides.core.steps.ConsoleLoggingListener - TEST PENDING
[pool-1-thread-1] INFO net.thucydides.core.steps.ConsoleLoggingListener - PENDING STEP
]]></system-err>
  </testcase>
  <testcase name="[PENDING] !--​​​​​​​" classname="[PENDING] !--​​​​​​​" time="0">
    <skipped/>
    <system-out><![CDATA[!-- |   mail                   |    password        |   userName         |
!-- |   detotaj146@econeom.com |    ttIEpExqjQmi1   |  Никола Питерский  |
!--
 (PENDING)
]]></system-out>
    <system-err><![CDATA[[pool-1-thread-1] INFO net.thucydides.core.steps.ConsoleLoggingListener - STARTING STEP !-- |   mail                   |    password        |   userName         |
[pool-1-thread-1] INFO net.thucydides.core.steps.ConsoleLoggingListener - IGNORING STEP
[pool-1-thread-1] INFO net.thucydides.core.steps.ConsoleLoggingListener - STARTING STEP !-- |   detotaj146@econeom.com |    ttIEpExqjQmi1   |  Никола Питерский  |
[pool-1-thread-1] INFO net.thucydides.core.steps.ConsoleLoggingListener - IGNORING STEP
[pool-1-thread-1] INFO net.thucydides.core.steps.ConsoleLoggingListener - STARTING STEP !--
[pool-1-thread-1] INFO net.thucydides.core.steps.ConsoleLoggingListener - TEST PENDING
[pool-1-thread-1] INFO net.thucydides.core.steps.ConsoleLoggingListener - PENDING STEP
]]></system-err>
  </testcase>
  <testcase name="[PENDING] !--​​​​​​​​" classname="[PENDING] !--​​​​​​​​" time="0">
    <skipped/>
    <system-out><![CDATA[!--
!-- Scenario: checking the possibility of sorting by price increase (PENDING)
]]></system-out>
    <system-err><![CDATA[[pool-1-thread-1] INFO net.thucydides.core.steps.ConsoleLoggingListener - STARTING STEP !--
!-- Scenario: checking the possibility of sorting by price increase
[pool-1-thread-1] INFO net.thucydides.core.steps.ConsoleLoggingListener - TEST PENDING
[pool-1-thread-1] INFO net.thucydides.core.steps.ConsoleLoggingListener - PENDING STEP
]]></system-err>
  </testcase>
  <testcase name="[PENDING] !--​​​​​​​​​" classname="[PENDING] !--​​​​​​​​​" time="0">
    <skipped/>
    <system-out><![CDATA[!--
!-- Scenario: checking the work of comparing goods (PENDING)
]]></system-out>
    <system-err><![CDATA[[pool-1-thread-1] INFO net.thucydides.core.steps.ConsoleLoggingListener - STARTING STEP !--
!-- Scenario: checking the work of comparing goods
[pool-1-thread-1] INFO net.thucydides.core.steps.ConsoleLoggingListener - TEST PENDING
[pool-1-thread-1] INFO net.thucydides.core.steps.ConsoleLoggingListener - PENDING STEP
]]></system-err>
  </testcase>
  <testcase name="[PENDING] !--​​​​​​​​​​" classname="[PENDING] !--​​​​​​​​​​" time="0">
    <skipped/>
    <system-out><![CDATA[!--
!-- Scenario: checking the possibility of opening the necessary goods (PENDING)
]]></system-out>
    <system-err><![CDATA[[pool-1-thread-1] INFO net.thucydides.core.steps.ConsoleLoggingListener - STARTING STEP !--
!-- Scenario: checking the possibility of opening the necessary goods
[pool-1-thread-1] INFO net.thucydides.core.steps.ConsoleLoggingListener - TEST PENDING
[pool-1-thread-1] INFO net.thucydides.core.steps.ConsoleLoggingListener - PENDING STEP
]]></system-err>
  </testcase>
  <testcase name="AfterStories" classname="java.lang.Object" time="1.936"/>
</testsuite>